[    0.000000] Linux version 4.15.0-123-generic (buildd@lcy01-amd64-017) (gcc version 7.5.0 (Ubuntu 7.5.0-3ubuntu1~18.04)) #126-Ubuntu SMP Wed Oct 21 09:40:11 UTC 2020 (Ubuntu 4.15.0-123.126-generic 4.15.18)
[    0.000000] Command line: BOOT_IMAGE=/boot/vmlinuz-4.15.0-123-generic root=LABEL=cloudimg-rootfs ro console=tty1 console=ttyS0
[    0.000000] KERNEL supported cpus:
[    0.000000]   Intel GenuineIntel
[    0.000000]   AMD AuthenticAMD
[    0.000000]   Centaur CentaurHauls
[    0.000000] x86/fpu: Supporting XSAVE feature 0x001: 'x87 floating point registers'
[    0.000000] x86/fpu: Supporting XSAVE feature 0x002: 'SSE registers'
[    0.000000] x86/fpu: Supporting XSAVE feature 0x004: 'AVX registers'
[    0.000000] x86/fpu: xstate_offset[2]:  576, xstate_sizes[2]:  256
[    0.000000] x86/fpu: Enabled xstate features 0x7, context size is 832 bytes, using 'standard' format.
[    0.000000] e820: BIOS-provided physical RAM map:
[    0.000000] BIOS-e820: [mem 0x0000000000000000-0x000000000009fbff] usable
[    0.000000] BIOS-e820: [mem 0x000000000009fc00-0x000000000009ffff] reserved
[    0.000000] BIOS-e820: [mem 0x00000000000f0000-0x00000000000fffff] reserved
[    0.000000] BIOS-e820: [mem 0x0000000000100000-0x00000000dffeffff] usable
[    0.000000] BIOS-e820: [mem 0x00000000dfff0000-0x00000000dfffffff] ACPI data
[    0.000000] BIOS-e820: [mem 0x00000000fec00000-0x00000000fec00fff] reserved
[    0.000000] BIOS-e820: [mem 0x00000000fee00000-0x00000000fee00fff] reserved
[    0.000000] BIOS-e820: [mem 0x00000000fffc0000-0x00000000ffffffff] reserved
[    0.000000] BIOS-e820: [mem 0x0000000100000000-0x000000011fffffff] usable
[    0.000000] NX (Execute Disable) protection: active
[    0.000000] SMBIOS 2.5 present.
[    0.000000] DMI: innotek GmbH VirtualBox/VirtualBox, BIOS VirtualBox 12/01/2006
[    0.000000] Hypervisor detected: KVM
[    0.000000] e820: last_pfn = 0x120000 max_arch_pfn = 0x400000000
[    0.000000] MTRR: Disabled
[    0.000000] x86/PAT: MTRRs disabled, skipping PAT initialization too.
[    0.000000] CPU MTRRs all blank - virtualized system.
[    0.000000] x86/PAT: Configuration [0-7]: WB  WT  UC- UC  WB  WT  UC- UC  
[    0.000000] e820: last_pfn = 0xdfff0 max_arch_pfn = 0x400000000
[    0.000000] found SMP MP-table at [mem 0x0009fff0-0x0009ffff]
[    0.000000] Scanning 1 areas for low memory corruption
[    0.000000] RAMDISK: [mem 0x35a65000-0x36d29fff]
[    0.000000] ACPI: Early table checksum verification disabled
[    0.000000] ACPI: RSDP 0x00000000000E0000 000024 (v02 VBOX  )
[    0.000000] ACPI: XSDT 0x00000000DFFF0030 00003C (v01 VBOX   VBOXXSDT 00000001 ASL  00000061)
[    0.000000] ACPI: FACP 0x00000000DFFF00F0 0000F4 (v04 VBOX   VBOXFACP 00000001 ASL  00000061)
[    0.000000] ACPI: DSDT 0x00000000DFFF0480 0022EA (v02 VBOX   VBOXBIOS 00000002 INTL 20100528)
[    0.000000] ACPI: FACS 0x00000000DFFF0200 000040
[    0.000000] ACPI: FACS 0x00000000DFFF0200 000040
[    0.000000] ACPI: APIC 0x00000000DFFF0240 00006C (v02 VBOX   VBOXAPIC 00000001 ASL  00000061)
[    0.000000] ACPI: SSDT 0x00000000DFFF02B0 0001CC (v01 VBOX   VBOXCPUT 00000002 INTL 20100528)
[    0.000000] No NUMA configuration found
[    0.000000] Faking a node at [mem 0x0000000000000000-0x000000011fffffff]
[    0.000000] NODE_DATA(0) allocated [mem 0x11ffd1000-0x11fffbfff]
[    0.000000] kvm-clock: cpu 0, msr 1:1ff50001, primary cpu clock
[    0.000000] kvm-clock: Using msrs 4b564d01 and 4b564d00
[    0.000000] kvm-clock: using sched offset of 3299175232 cycles
[    0.000000] clocksource: kvm-clock: mask: 0xffffffffffffffff max_cycles: 0x1cd42e4dffb, max_idle_ns: 881590591483 ns
[    0.000000] Zone ranges:
[    0.000000]   DMA      [mem 0x0000000000001000-0x0000000000ffffff]
[    0.000000]   DMA32    [mem 0x0000000001000000-0x00000000ffffffff]
[    0.000000]   Normal   [mem 0x0000000100000000-0x000000011fffffff]
[    0.000000]   Device   empty
[    0.000000] Movable zone start for each node
[    0.000000] Early memory node ranges
[    0.000000]   node   0: [mem 0x0000000000001000-0x000000000009efff]
[    0.000000]   node   0: [mem 0x0000000000100000-0x00000000dffeffff]
[    0.000000]   node   0: [mem 0x0000000100000000-0x000000011fffffff]
[    0.000000] Reserved but unavailable: 98 pages
[    0.000000] Initmem setup node 0 [mem 0x0000000000001000-0x000000011fffffff]
[    0.000000] ACPI: PM-Timer IO Port: 0x4008
[    0.000000] IOAPIC[0]: apic_id 4, version 32, address 0xfec00000, GSI 0-23
[    0.000000] ACPI: INT_SRC_OVR (bus 0 bus_irq 0 global_irq 2 dfl dfl)
[    0.000000] ACPI: INT_SRC_OVR (bus 0 bus_irq 9 global_irq 9 low level)
[    0.000000] Using ACPI (MADT) for SMP configuration information
[    0.000000] smpboot: Allowing 4 CPUs, 0 hotplug CPUs
[    0.000000] PM: Registered nosave memory: [mem 0x00000000-0x00000fff]
[    0.000000] PM: Registered nosave memory: [mem 0x0009f000-0x0009ffff]
[    0.000000] PM: Registered nosave memory: [mem 0x000a0000-0x000effff]
[    0.000000] PM: Registered nosave memory: [mem 0x000f0000-0x000fffff]
[    0.000000] PM: Registered nosave memory: [mem 0xdfff0000-0xdfffffff]
[    0.000000] PM: Registered nosave memory: [mem 0xe0000000-0xfebfffff]
[    0.000000] PM: Registered nosave memory: [mem 0xfec00000-0xfec00fff]
[    0.000000] PM: Registered nosave memory: [mem 0xfec01000-0xfedfffff]
[    0.000000] PM: Registered nosave memory: [mem 0xfee00000-0xfee00fff]
[    0.000000] PM: Registered nosave memory: [mem 0xfee01000-0xfffbffff]
[    0.000000] PM: Registered nosave memory: [mem 0xfffc0000-0xffffffff]
[    0.000000] e820: [mem 0xe0000000-0xfebfffff] available for PCI devices
[    0.000000] Booting paravirtualized kernel on KVM
[    0.000000] clocksource: refined-jiffies: mask: 0xffffffff max_cycles: 0xffffffff, max_idle_ns: 7645519600211568 ns
[    0.000000] random: get_random_bytes called from start_kernel+0x99/0x500 with crng_init=0
[    0.000000] setup_percpu: NR_CPUS:8192 nr_cpumask_bits:4 nr_cpu_ids:4 nr_node_ids:1
[    0.000000] percpu: Embedded 45 pages/cpu s147456 r8192 d28672 u524288
[    0.000000] PV qspinlock hash table entries: 256 (order: 0, 4096 bytes)
[    0.000000] Built 1 zonelists, mobility grouping on.  Total pages: 1032057
[    0.000000] Policy zone: Normal
[    0.000000] Kernel command line: BOOT_IMAGE=/boot/vmlinuz-4.15.0-123-generic root=LABEL=cloudimg-rootfs ro console=tty1 console=ttyS0
[    0.000000] Memory: 4013276K/4193848K available (12300K kernel code, 2482K rwdata, 4272K rodata, 2436K init, 2724K bss, 180572K reserved, 0K cma-reserved)
[    0.000000] SLUB: HWalign=64, Order=0-3, MinObjects=0, CPUs=4, Nodes=1
[    0.000000] Kernel/User page tables isolation: enabled
[    0.000000] ftrace: allocating 39402 entries in 154 pages
[    0.004000] Hierarchical RCU implementation.
[    0.004000] 	RCU restricting CPUs from NR_CPUS=8192 to nr_cpu_ids=4.
[    0.004000] 	Tasks RCU enabled.
[    0.004000] RCU: Adjusting geometry for rcu_fanout_leaf=16, nr_cpu_ids=4
[    0.004000] NR_IRQS: 524544, nr_irqs: 456, preallocated irqs: 16
[    0.004000] Console: colour VGA+ 80x25
[    0.004000] console [tty1] enabled
[    0.004000] console [ttyS0] enabled
[    0.004000] ACPI: Core revision 20170831
[    0.004000] ACPI: 2 ACPI AML tables successfully acquired and loaded
[    0.004000] APIC: Switch to symmetric I/O mode setup
[    0.004000] x2apic enabled
[    0.004000] Switched APIC routing to physical x2apic.
[    0.004000] ..TIMER: vector=0x30 apic1=0 pin1=2 apic2=-1 pin2=-1
[    0.004004] tsc: Detected 2793.532 MHz processor
[    0.004832] Calibrating delay loop (skipped) preset value.. 5587.06 BogoMIPS (lpj=11174128)
[    0.005372] pid_max: default: 32768 minimum: 301
[    0.006282] Security Framework initialized
[    0.008003] Yama: becoming mindful.
[    0.008676] AppArmor: AppArmor initialized
[    0.012000] Dentry cache hash table entries: 524288 (order: 10, 4194304 bytes)
[    0.016116] Inode-cache hash table entries: 262144 (order: 9, 2097152 bytes)
[    0.017234] Mount-cache hash table entries: 8192 (order: 4, 65536 bytes)
[    0.018557] Mountpoint-cache hash table entries: 8192 (order: 4, 65536 bytes)
[    0.020286] Last level iTLB entries: 4KB 1024, 2MB 1024, 4MB 1024
[    0.021439] Last level dTLB entries: 4KB 1024, 2MB 1024, 4MB 1024, 1GB 4
[    0.022774] Spectre V1 : Mitigation: usercopy/swapgs barriers and __user pointer sanitization
[    0.024003] Spectre V2 : Mitigation: Full generic retpoline
[    0.025416] Spectre V2 : Spectre v2 / SpectreRSB mitigation: Filling RSB on context switch
[    0.026803] Speculative Store Bypass: Vulnerable
[    0.028043] SRBDS: Unknown: Dependent on hypervisor status
[    0.028964] MDS: Mitigation: Clear CPU buffers
[    0.029772] Freeing SMP alternatives memory: 36K
[    0.140391] smpboot: CPU0: Intel(R) Core(TM) i7-4980HQ CPU @ 2.80GHz (family: 0x6, model: 0x46, stepping: 0x1)
[    0.142223] Performance Events: unsupported p6 CPU model 70 no PMU driver, software events only.
[    0.143789] Hierarchical SRCU implementation.
[    0.144585] NMI watchdog: Perf event create on CPU 0 failed with -2
[    0.145639] NMI watchdog: Perf NMI watchdog permanently disabled
[    0.146645] smp: Bringing up secondary CPUs ...
[    0.148073] x86: Booting SMP configuration:
[    0.148818] .... node  #0, CPUs:      #1
[    0.004000] kvm-clock: cpu 1, msr 1:1ff50041, secondary cpu clock
[    0.152067]  #2
[    0.004000] kvm-clock: cpu 2, msr 1:1ff50081, secondary cpu clock
[    0.156065]  #3
[    0.004000] kvm-clock: cpu 3, msr 1:1ff500c1, secondary cpu clock
[    0.160017] smp: Brought up 1 node, 4 CPUs
[    0.160763] smpboot: Max logical packages: 1
[    0.161525] smpboot: Total of 4 processors activated (22348.25 BogoMIPS)
[    0.164052] devtmpfs: initialized
[    0.164659] x86/mm: Memory block size: 128MB
[    0.165802] evm: security.selinux
[    0.166404] evm: security.SMACK64
[    0.166981] evm: security.SMACK64EXEC
[    0.167642] evm: security.SMACK64TRANSMUTE
[    0.168005] evm: security.SMACK64MMAP
[    0.168679] evm: security.apparmor
[    0.169317] evm: security.ima
[    0.169865] evm: security.capability
[    0.170557] clocksource: jiffies: mask: 0xffffffff max_cycles: 0xffffffff, max_idle_ns: 7645041785100000 ns
[    0.172011] futex hash table entries: 1024 (order: 4, 65536 bytes)
[    0.173136] pinctrl core: initialized pinctrl subsystem
[    0.174124] RTC time:  0:19:41, date: 12/30/20
[    0.176165] NET: Registered protocol family 16
[    0.177002] audit: initializing netlink subsys (disabled)
[    0.177994] audit: type=2000 audit(1609287586.264:1): state=initialized audit_enabled=0 res=1
[    0.177994] cpuidle: using governor ladder
[    0.180008] cpuidle: using governor menu
[    0.180763] ACPI: bus type PCI registered
[    0.181481] acpiphp: ACPI Hot Plug PCI Controller Driver version: 0.5
[    0.182601] PCI: Using configuration type 1 for base access
[    0.184835] HugeTLB registered 2.00 MiB page size, pre-allocated 0 pages
[    0.188073] ACPI: Added _OSI(Module Device)
[    0.188809] ACPI: Added _OSI(Processor Device)
[    0.189590] ACPI: Added _OSI(3.0 _SCP Extensions)
[    0.190384] ACPI: Added _OSI(Processor Aggregator Device)
[    0.192008] ACPI: Added _OSI(Linux-Dell-Video)
[    0.192785] ACPI: Added _OSI(Linux-Lenovo-NV-HDMI-Audio)
[    0.193684] ACPI: Added _OSI(Linux-HPI-Hybrid-Graphics)
[    0.194862] ACPI: Executed 1 blocks of module-level executable AML code
[    0.198448] ACPI: Interpreter enabled
[    0.199122] ACPI: (supports S0 S5)
[    0.199707] ACPI: Using IOAPIC for interrupt routing
[    0.200185] PCI: Using host bridge windows from ACPI; if necessary, use "pci=nocrs" and report a bug
[    0.201933] ACPI: Enabled 2 GPEs in block 00 to 07
[    0.208715] ACPI: PCI Root Bridge [PCI0] (domain 0000 [bus 00-ff])
[    0.209750] acpi PNP0A03:00: _OSC: OS supports [ASPM ClockPM Segments MSI]
[    0.211195] acpi PNP0A03:00: _OSC: not requesting OS control; OS requires [ExtendedConfig ASPM ClockPM MSI]
[    0.212024] acpi PNP0A03:00: fail to add MMCONFIG information, can't access extended PCI configuration space under this bridge.
[    0.214757] PCI host bridge to bus 0000:00
[    0.216003] pci_bus 0000:00: root bus resource [io  0x0000-0x0cf7 window]
[    0.217199] pci_bus 0000:00: root bus resource [io  0x0d00-0xffff window]
[    0.218291] pci_bus 0000:00: root bus resource [mem 0x000a0000-0x000bffff window]
[    0.219533] pci_bus 0000:00: root bus resource [mem 0xe0000000-0xfdffffff window]
[    0.220004] pci_bus 0000:00: root bus resource [bus 00-ff]
[    0.224410] pci 0000:00:01.1: legacy IDE quirk: reg 0x10: [io  0x01f0-0x01f7]
[    0.225648] pci 0000:00:01.1: legacy IDE quirk: reg 0x14: [io  0x03f6]
[    0.226758] pci 0000:00:01.1: legacy IDE quirk: reg 0x18: [io  0x0170-0x0177]
[    0.227948] pci 0000:00:01.1: legacy IDE quirk: reg 0x1c: [io  0x0376]
[    0.261744] pci 0000:00:07.0: quirk: [io  0x4000-0x403f] claimed by PIIX4 ACPI
[    0.262927] pci 0000:00:07.0: quirk: [io  0x4100-0x410f] claimed by PIIX4 SMB
[    0.284006] ACPI: PCI Interrupt Link [LNKA] (IRQs 5 9 10 *11)
[    0.285234] ACPI: PCI Interrupt Link [LNKB] (IRQs 5 9 *10 11)
[    0.286295] ACPI: PCI Interrupt Link [LNKC] (IRQs 5 *9 10 11)
[    0.287307] ACPI: PCI Interrupt Link [LNKD] (IRQs 5 9 10 *11)
[    0.288352] SCSI subsystem initialized
[    0.289115] pci 0000:00:02.0: vgaarb: setting as boot VGA device
[    0.289115] pci 0000:00:02.0: vgaarb: VGA device added: decodes=io+mem,owns=io+mem,locks=none
[    0.290523] pci 0000:00:02.0: vgaarb: bridge control possible
[    0.292008] vgaarb: loaded
[    0.292549] ACPI: bus type USB registered
[    0.293283] usbcore: registered new interface driver usbfs
[    0.294299] usbcore: registered new interface driver hub
[    0.295209] usbcore: registered new device driver usb
[    0.296087] EDAC MC: Ver: 3.0.0
[    0.296874] PCI: Using ACPI for IRQ routing
[    0.297043] NetLabel: Initializing
[    0.300003] NetLabel:  domain hash size = 128
[    0.300796] NetLabel:  protocols = UNLABELED CIPSOv4 CALIPSO
[    0.301830] NetLabel:  unlabeled traffic allowed by default
[    0.302764] clocksource: Switched to clocksource kvm-clock
[    0.313216] VFS: Disk quotas dquot_6.6.0
[    0.313932] VFS: Dquot-cache hash table entries: 512 (order 0, 4096 bytes)
[    0.315157] AppArmor: AppArmor Filesystem Enabled
[    0.316055] pnp: PnP ACPI init
[    0.317905] pnp: PnP ACPI: found 3 devices
[    0.328848] clocksource: acpi_pm: mask: 0xffffff max_cycles: 0xffffff, max_idle_ns: 2085701024 ns
[    0.330357] NET: Registered protocol family 2
[    0.331351] TCP established hash table entries: 32768 (order: 6, 262144 bytes)
[    0.332962] TCP bind hash table entries: 32768 (order: 7, 524288 bytes)
[    0.335708] TCP: Hash tables configured (established 32768 bind 32768)
[    0.336825] UDP hash table entries: 2048 (order: 4, 65536 bytes)
[    0.337854] UDP-Lite hash table entries: 2048 (order: 4, 65536 bytes)
[    0.339050] NET: Registered protocol family 1
[    0.339866] pci 0000:00:00.0: Limiting direct PCI/PCI transfers
[    0.340916] pci 0000:00:01.0: Activating ISA DMA hang workarounds
[    0.342047] pci 0000:00:02.0: Video device with shadowed ROM at [mem 0x000c0000-0x000dffff]
[    0.343622] Unpacking initramfs...
[    0.583538] Freeing initrd memory: 19220K
[    0.584304] PCI-DMA: Using software bounce buffering for IO (SWIOTLB)
[    0.585321] software IO TLB: mapped [mem 0xdbff0000-0xdfff0000] (64MB)
[    0.586412] clocksource: tsc: mask: 0xffffffffffffffff max_cycles: 0x284462ec54c, max_idle_ns: 440795344772 ns
[    0.588270] platform rtc_cmos: registered platform RTC device (no PNP device found)
[    0.589702] Scanning for low memory corruption every 60 seconds
[    0.591701] Initialise system trusted keyrings
[    0.592789] Key type blacklist registered
[    0.593682] workingset: timestamp_bits=36 max_order=20 bucket_order=0
[    0.595450] zbud: loaded
[    0.596486] squashfs: version 4.0 (2009/01/31) Phillip Lougher
[    0.597751] fuse init (API version 7.26)
[    0.603915] Key type asymmetric registered
[    0.604671] Asymmetric key parser 'x509' registered
[    0.605730] Block layer SCSI generic (bsg) driver version 0.4 loaded (major 246)
[    0.607027] io scheduler noop registered
[    0.607651] io scheduler deadline registered
[    0.608412] io scheduler cfq registered (default)
[    0.609697] ACPI: AC Adapter [AC] (on-line)
[    0.610464] input: Power Button as /devices/LNXSYSTM:00/LNXPWRBN:00/input/input0
[    0.611835] ACPI: Power Button [PWRF]
[    0.612961] input: Sleep Button as /devices/LNXSYSTM:00/LNXSLPBN:00/input/input1
[    0.614619] ACPI: Sleep Button [SLPF]
[    0.616624] ACPI: Battery Slot [BAT0] (battery present)
[    0.617750] Serial: 8250/16550 driver, 32 ports, IRQ sharing enabled
[    0.639745] 00:02: ttyS0 at I/O 0x3f8 (irq = 4, base_baud = 115200) is a 16550A
[    0.644838] Linux agpgart interface v0.103
[    0.647096] loop: module loaded
[    0.648100] scsi host0: ata_piix
[    0.648738] scsi host1: ata_piix
[    0.649272] ata1: PATA max UDMA/33 cmd 0x1f0 ctl 0x3f6 bmdma 0xd000 irq 14
[    0.650281] ata2: PATA max UDMA/33 cmd 0x170 ctl 0x376 bmdma 0xd008 irq 15
[    0.651369] libphy: Fixed MDIO Bus: probed
[    0.652057] tun: Universal TUN/TAP device driver, 1.6
[    0.653055] PPP generic driver version 2.4.2
[    0.653839] ehci_hcd: USB 2.0 'Enhanced' Host Controller (EHCI) Driver
[    0.654903] ehci-pci: EHCI PCI platform driver
[    0.655668] ehci-platform: EHCI generic platform driver
[    0.656573] ohci_hcd: USB 1.1 'Open' Host Controller (OHCI) Driver
[    0.657660] ohci-pci: OHCI PCI platform driver
[    0.658478] ohci-platform: OHCI generic platform driver
[    0.659379] uhci_hcd: USB Universal Host Controller Interface driver
[    0.660608] i8042: PNP: PS/2 Controller [PNP0303:PS2K,PNP0f03:PS2M] at 0x60,0x64 irq 1,12
[    0.662451] serio: i8042 KBD port at 0x60,0x64 irq 1
[    0.663372] serio: i8042 AUX port at 0x60,0x64 irq 12
[    0.664584] mousedev: PS/2 mouse device common for all mice
[    0.667943] rtc_cmos rtc_cmos: rtc core: registered rtc_cmos as rtc0
[    0.669109] input: AT Translated Set 2 keyboard as /devices/platform/i8042/serio0/input/input2
[    0.670593] rtc_cmos rtc_cmos: alarms up to one day, 114 bytes nvram
[    0.671906] i2c /dev entries driver
[    0.672967] device-mapper: uevent: version 1.0.3
[    0.673905] device-mapper: ioctl: 4.37.0-ioctl (2017-09-20) initialised: dm-devel@redhat.com
[    0.675702] ledtrig-cpu: registered to indicate activity on CPUs
[    0.677787] NET: Registered protocol family 10
[    0.682515] Segment Routing with IPv6
[    0.683210] NET: Registered protocol family 17
[    0.684110] Key type dns_resolver registered
[    0.685232] mce: Using 0 MCE banks
[    0.685872] RAS: Correctable Errors collector initialized.
[    0.686823] sched_clock: Marking stable (685205167, 0)->(935334294, -250129127)
[    0.688977] registered taskstats version 1
[    0.689903] Loading compiled-in X.509 certificates
[    0.692864] Loaded X.509 cert 'Build time autogenerated kernel key: 423d6fc95fe30468112015aeb92af84ef3acf368'
[    0.694480] zswap: loaded using pool lzo/zbud
[    0.698595] Key type big_key registered
[    0.699278] Key type trusted registered
[    0.701549] Key type encrypted registered
[    0.702356] AppArmor: AppArmor sha1 policy hashing enabled
[    0.703303] ima: No TPM chip found, activating TPM-bypass! (rc=-19)
[    0.704434] ima: Allocated hash algorithm: sha1
[    0.705374] evm: HMAC attrs: 0x1
[    0.706198]   Magic number: 0:560:305
[    0.706949] tty tty34: hash matches
[    0.707696] rtc_cmos rtc_cmos: setting system clock to 2020-12-30 00:19:42 UTC (1609287582)
[    0.709309] BIOS EDD facility v0.16 2004-Jun-25, 0 devices found
[    0.710338] EDD information not available.
[    0.820034] Freeing unused kernel image memory: 2436K
[    0.844160] Write protecting the kernel read-only data: 20480k
[    0.846053] Freeing unused kernel image memory: 2008K
[    0.847373] Freeing unused kernel image memory: 1872K
[    0.853132] x86/mm: Checked W+X mappings: passed, no W+X pages found.
[    0.854195] x86/mm: Checking user space page tables
[    0.860838] x86/mm: Checked W+X mappings: passed, no W+X pages found.
Loading, please wait...
starting version 237
[    0.922390] e1000: Intel(R) PRO/1000 Network Driver - version 7.3.21-k8-NAPI
[    0.925449] e1000: Copyright (c) 1999-2006 Intel Corporation.
[    0.928574] AVX2 version of gcm_enc/dec engaged.
[    0.929438] AES CTR mode by8 optimization enabled
[    0.932550] Fusion MPT base driver 3.04.20
[    0.933503] Copyright (c) 1999-2008 LSI Corporation
[    0.938640] Fusion MPT SPI Host driver 3.04.20
[    1.136528] input: ImExPS/2 Generic Explorer Mouse as /devices/platform/i8042/serio1/input/input4
[    1.314296] e1000 0000:00:03.0 eth0: (PCI:33MHz:32-bit) 02:ad:b8:da:8b:56
[    1.315584] e1000 0000:00:03.0 eth0: Intel(R) PRO/1000 Network Connection
[    1.317781] mptbase: ioc0: Initiating bringup
[    1.412300] ioc0: LSI53C1030 A0: Capabilities={Initiator}
[    1.666973] scsi host2: ioc0: LSI53C1030 A0, FwRev=00000000h, Ports=1, MaxQ=256, IRQ=20
[    1.837433] scsi 2:0:0:0: Direct-Access     VBOX     HARDDISK         1.0  PQ: 0 ANSI: 5
[    1.880097] scsi target2:0:0: Beginning Domain Validation
[    1.884336] scsi target2:0:0: Domain Validation skipping write tests
[    1.885429] scsi target2:0:0: Ending Domain Validation
[    1.886372] scsi target2:0:0: asynchronous
[    1.887581] scsi 2:0:1:0: Direct-Access     VBOX     HARDDISK         1.0  PQ: 0 ANSI: 5
[    2.185069] scsi target2:0:1: Beginning Domain Validation
[    2.188014] random: fast init done
[    2.189021] scsi target2:0:1: Domain Validation skipping write tests
[    2.190223] scsi target2:0:1: Ending Domain Validation
[    2.191316] scsi target2:0:1: asynchronous
[    2.195720] random: systemd-udevd: uninitialized urandom read (16 bytes read)
[    2.195810] sd 2:0:0:0: Attached scsi generic sg0 type 0
[    2.197487] random: systemd-udevd: uninitialized urandom read (16 bytes read)
[    2.198583] sd 2:0:1:0: Attached scsi generic sg1 type 0
[    2.199593] random: systemd-udevd: uninitialized urandom read (16 bytes read)
[    2.200581] sd 2:0:0:0: [sda] 20971520 512-byte logical blocks: (10.7 GB/10.0 GiB)
[    2.201891] sd 2:0:1:0: [sdb] 20480 512-byte logical blocks: (10.5 MB/10.0 MiB)
[    2.203083] sd 2:0:0:0: [sda] Write Protect is off
[    2.204365] sd 2:0:1:0: [sdb] Write Protect is off
[    2.206268] sd 2:0:0:0: [sda] Incomplete mode parameter data
[    2.206275] sd 2:0:1:0: [sdb] Incomplete mode parameter data
[    2.207226] sd 2:0:0:0: [sda] Assuming drive cache: write through
[    2.208170] sd 2:0:1:0: [sdb] Assuming drive cache: write through
[    2.213063]  sda: sda1
[    2.214268] sd 2:0:0:0: [sda] Attached SCSI disk
[    2.215197] sd 2:0:1:0: [sdb] Attached SCSI disk
[    2.225566] e1000 0000:00:08.0 eth1: (PCI:33MHz:32-bit) 08:00:27:7d:90:6f
[    2.226855] e1000 0000:00:08.0 eth1: Intel(R) PRO/1000 Network Connection
[    2.229030] e1000 0000:00:08.0 enp0s8: renamed from eth1
[    2.244703] e1000 0000:00:03.0 enp0s3: renamed from eth0
Begin: Loading essential drivers ... [    3.652009] raid6: sse2x1   gen() 12539 MB/s
[    3.700753] raid6: sse2x1   xor()  9103 MB/s
[    3.752119] raid6: sse2x2   gen() 16202 MB/s
[    3.800035] raid6: sse2x2   xor()  9231 MB/s
[    3.848530] raid6: sse2x4   gen() 17180 MB/s
[    3.896053] raid6: sse2x4   xor() 10110 MB/s
[    3.945076] raid6: avx2x1   gen() 23759 MB/s
[    3.992156] raid6: avx2x1   xor() 15848 MB/s
[    4.040274] raid6: avx2x2   gen() 28450 MB/s
[    4.089901] raid6: avx2x2   xor() 18148 MB/s
[    4.136506] raid6: avx2x4   gen() 31438 MB/s
[    4.184323] raid6: avx2x4   xor() 19191 MB/s
[    4.185097] raid6: using algorithm avx2x4 gen() 31438 MB/s
[    4.186009] raid6: .... xor() 19191 MB/s, rmw enabled
[    4.186826] raid6: using avx2x2 recovery algorithm
[    4.188989] xor: automatically using best checksumming function   avx       
[    4.191192] async_tx: api initialized (async)
done.
Begin: Running /scripts/init-premount ... done.
Begin: Mounting root file system ... Begin: Running /scripts/local-top ... done.
Begin: Running /scripts/local-premount ... [    4.229305] Btrfs loaded, crc32c=crc32c-intel
Scanning for Btrfs filesystems
done.
Warning: fsck not present, so skipping root file system
[    4.249994] EXT4-fs (sda1): mounted filesystem with ordered data mode. Opts: (null)
done.
Begin: Running /scripts/local-bottom ... done.
Begin: Running /scripts/init-bottom ... done.
[    4.366442] ip_tables: (C) 2000-2006 Netfilter Core Team
[    4.377151] systemd[1]: systemd 237 running in system mode. (+PAM +AUDIT +SELINUX +IMA +APPARMOR +SMACK +SYSVINIT +UTMP +LIBCRYPTSETUP +GCRYPT +GNUTLS +ACL +XZ +LZ4 +SECCOMP +BLKID +ELFUTILS +KMOD -IDN2 +IDN -PCRE2 default-hierarchy=hybrid)
[    4.380666] systemd[1]: Detected virtualization oracle.
[    4.381605] systemd[1]: Detected architecture x86-64.

Welcome to [1mUbuntu 18.04.5 LTS[0m!

[    4.388193] systemd[1]: Set hostname to <ubuntu>.
[    4.391427] systemd[1]: Initializing machine ID from random generator.
[    4.392547] systemd[1]: Installed transient /etc/machine-id file.
[    4.581622] systemd[1]: Created slice User and Session Slice.
[[0;32m  OK  [0m] Created slice User and Session Slice.
[    4.583564] systemd[1]: Reached target System Time Synchronized.
[[0;32m  OK  [0m] Reached target System Time Synchronized.
[    4.597075] systemd[1]: Reached target User and Group Name Lookups.
[[0;32m  OK  [0m] Reached target User and Group Name Lookups.
[    4.600941] systemd[1]: Created slice System Slice.
[[0;32m  OK  [0m] Created slice System Slice.
[[0;32m  OK  [0m] Listening on Device-mapper event daemon FIFOs.
[[0;32m  OK  [0m] Listening on Journal Socket (/dev/log).
[[0;32m  OK  [0m] Listening on Syslog Socket.
[[0;32m  OK  [0m] Listening on LVM2 metadata daemon socket.
[[0;32m  OK  [0m] Listening on udev Control Socket.
[[0;32m  OK  [0m] Set up automount Arbitrary Executab…rmats File System Automount Point.
[[0;32m  OK  [0m] Listening on /dev/initctl Compatibility Named Pipe.
[[0;32m  OK  [0m] Listening on Journal Audit Socket.
[[0;32m  OK  [0m] Started Forward Password Requests to Wall Directory Watch.
[[0;32m  OK  [0m] Listening on Network Service Netlink Socket.
[[0;32m  OK  [0m] Reached target Swap.
[[0;32m  OK  [0m] Created slice system-serial\x2dgetty.slice.
[[0;32m  OK  [0m] Listening on Journal Socket.
         Starting Remount Root and Kernel File Systems...
[    4.635931] EXT4-fs (sda1): re-mounted. Opts: (null)
         Mounting POSIX Message Queue File System...
         Mounting Huge Pages File System...
         Starting Journal Service...
         Starting Monitoring of LVM2 mirrors…ng dmeventd or progress polling...
         Starting Set the console keyboard layout...
         Mounting Kernel Debug File System...
         Starting Create list of required st…ce nodes for the current kernel...
         Starting Load Kernel Modules...
[    4.727148] Loading iSCSI transport class v2.0-870.
[    4.732323] iscsi: registered transport (tcp)
[    4.747089] iscsi: registered transport (iser)
         Starting Uncomplicated firewall...
[[0;32m  OK  [0m] Listening on LVM2 poll daemon socket.
[[0;32m  OK  [0m] Listening on udev Kernel Socket.
         Starting udev Coldplug all Devices...
[[0;32m  OK  [0m] Reached target Slices.
[[0;32m  OK  [0m] Started Journal Service.
[[0;32m  OK  [0m] Started Remount Root and Kernel File Systems.
[[0;32m  OK  [0m] Mounted POSIX Message Queue File System.
[[0;32m  OK  [0m] Mounted Huge Pages File System.
[[0;32m  OK  [0m] Mounted Kernel Debug File System.
[[0;32m  OK  [0m] Started Create list of required sta…vice nodes for the current kernel.
[[0;32m  OK  [0m] Started Load Kernel Modules.
[[0;32m  OK  [0m] Started Uncomplicated firewall.
[[0;32m  OK  [0m] Started LVM2 metadata daemon.
         Mounting FUSE Control File System...
         Starting Apply Kernel Variables...
         Mounting Kernel Configuration File System...
         Starting Create Static Device Nodes in /dev...
         Starting Load/Save Random Seed...
         Starting Flush Journal to Persistent Storage...
[[0;32m  OK  [0m] Mounted FUSE Control File System.
[[0;32m  OK  [0m] Mounted Kernel Configuration File System.
[[0;32m  OK  [0m] Started Create Static Device Nodes in /dev.
         Starting udev Kernel Device Manager...
[[0;32m  OK  [0m] Started Monitoring of LVM2 mirrors,…sing dmeventd or progress polling.
[[0;32m  OK  [0m] Started Load/Save Random Seed.
[[0;32m  OK  [0m] Started Set the console keyboard layout.
[[0;32m  OK  [0m] Started Apply Kernel Variables.
[[0;32m  OK  [0m] Started udev Coldplug all Devices.
[[0;32m  OK  [0m] Reached target Local File Systems (Pre).
[[0;32m  OK  [0m] Reached target Local File Systems.
         Starting ebtables ruleset management...
         Starting Commit a transient machine-id on disk...
         Starting AppArmor initialization...
         Starting Tell Plymouth To Write Out Runtime Data...
         Starting Set console font and keymap...
[[0;32m  OK  [0m] Started udev Kernel Device Manager.
[[0;32m  OK  [0m] Started Dispatch Password Requests to Console Directory Watch.
[[0;32m  OK  [0m] Reached target Local Encrypted Volumes.
[[0;32m  OK  [0m] Started Tell Plymouth To Write Out Runtime Data.
[[0;32m  OK  [0m] Started Set console font and keymap.
[[0;32m  OK  [0m] Started Flush Journal to Persistent Storage.
         Starting Create Volatile Files and Directories...
[[0;32m  OK  [0m] Started Commit a transient machine-id on disk.
[[0;32m  OK  [0m] Started Create Volatile Files and Directories.
         Starting Update UTMP about System Boot/Shutdown...
[[0;32m  OK  [0m] Started Update UTMP about System Boot/Shutdown.
[[0;32m  OK  [0m] Started ebtables ruleset management.
[[0;32m  OK  [0m] Found device /dev/ttyS0.
[[0;32m  OK  [0m] Listening on Load/Save RF Kill Switch Status /dev/rfkill Watch.
[[0;32m  OK  [0m] Started AppArmor initialization.
         Starting Initial cloud-init job (pre-networking)...
         Starting Load AppArmor profiles managed internally by snapd...
[[0;32m  OK  [0m] Started Load AppArmor profiles managed internally by snapd.
[    6.248935] cloud-init[603]: Cloud-init v. 20.3-2-g371b392c-0ubuntu1~18.04.1 running 'init-local' at Wed, 30 Dec 2020 00:19:47 +0000. Up 5.96 seconds.
[[0;32m  OK  [0m] Started Initial cloud-init job (pre-networking).
[[0;32m  OK  [0m] Reached target Network (Pre).
         Starting Network Service...
[[0;32m  OK  [0m] Started Network Service.
         Starting Network Name Resolution...
         Starting Wait for Network to be Configured...
[[0;32m  OK  [0m] Started Network Name Resolution.
[[0;32m  OK  [0m] Reached target Host and Network Name Lookups.
[[0;32m  OK  [0m] Reached target Network.
[[0;32m  OK  [0m] Started Wait for Network to be Configured.
         Starting Initial cloud-init job (metadata service crawler)...
[    8.629851] cloud-init[749]: Cloud-init v. 20.3-2-g371b392c-0ubuntu1~18.04.1 running 'init' at Wed, 30 Dec 2020 00:19:50 +0000. Up 8.51 seconds.
[    8.631011] cloud-init[749]: ci-info: ++++++++++++++++++++++++++++++++++++++Net device info+++++++++++++++++++++++++++++++++++++++
[    8.632238] cloud-init[749]: ci-info: +--------+-------+----------------------------+---------------+--------+-------------------+
[    8.633383] cloud-init[749]: ci-info: | Device |   Up  |          Address           |      Mask     | Scope  |     Hw-Address    |
[    8.634460] cloud-init[749]: ci-info: +--------+-------+----------------------------+---------------+--------+-------------------+
[    8.635395] cloud-init[749]: ci-info: | enp0s3 |  True |         10.0.2.15          | 255.255.255.0 | global | 02:ad:b8:da:8b:56 |
[    8.636517] cloud-init[749]: ci-info: | enp0s3 |  True | fe80::ad:b8ff:feda:8b56/64 |       .       |  link  | 02:ad:b8:da:8b:56 |
[    8.637387] cloud-init[749]: ci-info: | enp0s8 | False |             .              |       .       |   .    | 08:00:27:7d:90:6f |
[    8.638338] cloud-init[749]: ci-info: |   lo   |  True |         127.0.0.1          |   255.0.0.0   |  host  |         .         |
[    8.639213] cloud-init[749]: ci-info: |   lo   |  True |          ::1/128           |       .       |  host  |         .         |
[    8.640230] cloud-init[749]: ci-info: +--------+-------+----------------------------+---------------+--------+-------------------+
[    8.641065] cloud-init[749]: ci-info: ++++++++++++++++++++++++++++Route IPv4 info+++++++++++++++++++++++++++++
[    8.641879] cloud-init[749]: ci-info: +-------+-------------+----------+-----------------+-----------+-------+
[    8.652285] cloud-init[749]: ci-info: | Route | Destination | Gateway  |     Genmask     | Interface | Flags |
[    8.664262] cloud-init[749]: ci-info: +-------+-------------+----------+-----------------+-----------+-------+
[    8.664967] cloud-init[749]: ci-info: |   0   |   0.0.0.0   | 10.0.2.2 |     0.0.0.0     |   enp0s3  |   UG  |
[    8.665735] cloud-init[749]: ci-info: |   1   |   10.0.2.0  | 0.0.0.0  |  255.255.255.0  |   enp0s3  |   U   |
[    8.666490] cloud-init[749]: ci-info: |   2   |   10.0.2.2  | 0.0.0.0  | 255.255.255.255 |   enp0s3  |   UH  |
[    8.667342] cloud-init[749]: ci-info: +-------+-------------+----------+-----------------+-----------+-------+
[    8.668164] cloud-init[749]: ci-info: +++++++++++++++++++Route IPv6 info+++++++++++++++++++
[    8.684246] cloud-init[749]: ci-info: +-------+-------------+---------+-----------+-------+
[    8.684996] cloud-init[749]: ci-info: | Route | Destination | Gateway | Interface | Flags |
[    8.685705] cloud-init[749]: ci-info: +-------+-------------+---------+-----------+-------+
[    8.686416] cloud-init[749]: ci-info: |   1   |  fe80::/64  |    ::   |   enp0s3  |   U   |
[    8.700181] cloud-init[749]: ci-info: |   3   |    local    |    ::   |   enp0s3  |   U   |
[    8.716290] cloud-init[749]: ci-info: |   4   |   ff00::/8  |    ::   |   enp0s3  |   U   |
[    8.728978] cloud-init[749]: ci-info: +-------+-------------+---------+-----------+-------+
[    9.209521] cloud-init[749]: Generating public/private rsa key pair.
[    9.210144] cloud-init[749]: Your identification has been saved in /etc/ssh/ssh_host_rsa_key.
[    9.210962] cloud-init[749]: Your public key has been saved in /etc/ssh/ssh_host_rsa_key.pub.
[    9.211698] cloud-init[749]: The key fingerprint is:
[    9.220361] cloud-init[749]: SHA256:xk6LQ2m/LK5ilMta9+qFFXA5M+WPVof+zyQQZzMouHE root@ubuntu-bionic
[    9.221046] cloud-init[749]: The key's randomart image is:
[    9.221458] cloud-init[749]: +---[RSA 2048]----+
[    9.222088] cloud-init[749]: |    . .o.        |
[    9.222540] cloud-init[749]: |     o=o   o     |
[    9.222966] cloud-init[749]: |      ++E = *    |
[    9.223413] cloud-init[749]: |       B * = o   |
[    9.223847] cloud-init[749]: |   .  * S +      |
[    9.232274] cloud-init[749]: |  o  = B . o     |
[    9.244169] cloud-init[749]: | o..o + +   o .  |
[    9.244593] cloud-init[749]: | .=. o.o .   =   |
[[0;32m  OK  [0m] Started Initial cloud-init job (metadata service crawler).
[    9.256119] cloud-init[749]: |.o o++o.o     o  |
[[0;32m  OK  [0m] Reached target Cloud-config availability.
[[    9.257119] [0;32m  OK  [0mcloud-init] [749]: Reached target System Initialization.+----[SHA256]-----+

[[0;32m  OK  [0m] Started Daily Cleanup of Temporary Directories.
[    9.273723] cloud-init[749]: Generating public/private dsa key pair.
[[0;32m  OK  [0m] Listening on Open-iSCSI iscsid Socket.
[    9.275045] cloud-init[749]: Your identification has been saved in /etc/ssh/ssh_host_dsa_key.
[[0;32m  OK  [0m] Listening on UUID daemon activation socket.
[    9.276517] cloud-init[749]: Your public key has been saved in /etc/ssh/ssh_host_dsa_key.pub.
[[0;32m  OK  [0m] Listening on D-Bus System Message Bus Socket.
[    9.288662] cloud-init[749]: The key fingerprint is:
[[0;32m  OK  [0m] Started ACPI Events Check.
[    9.306805] cloud-init[749]: SHA256:LAvZfY0c/20QOcukgf0fGxtjMJFvfvDVPYDRBFVXEgA root@ubuntu-bionic
[    9.309100] cloud-init[749]: The key's randomart image is:
         Starting LXD - unix socket.
[    9.310179] cloud-init[749]: +---[DSA 1024]----+
         Starting Socket activation for snappy daemon.
[    9.313097] cloud-init[749]: |          E+O==o+|
[[0;32m  OK  [0m] Started Daily apt download activities.
[    9.314355] cloud-init[749]: |           + +.o.|
[[0;32m  OK  [0m] Started Daily apt upgrade and clean activities.
[    9.336612] cloud-init[749]: |          o ooB o|
[[0;32m  OK  [0m] Listening on ACPID Listen Socket.
[    9.348814] cloud-init[749]: |     o o . = *+B+|
[[0;32m  OK  [0m] Started Discard unused blocks once a week.
[    9.450264] cloud-init[749]: |    o o S + + BOo|
[[0;32m  OK  [0m] Reached target Paths.
[    9.464995] cloud-init[749]: |     . o .   ..=X|
[[0;32m  OK  [0m] Started Message of the Day.
[    9.465948] cloud-init[749]: |      .       .o=|
[[0;32m  OK  [0m] Reached target Timers.
[[0;32m  OK  [0m] Reached target Network is Online.
[    9.486319] cloud-init[749]: |               . |
[    9.489096] cloud-init[749]: |                 |
         Starting Availability of block devices...
[[0;32m  OK  [0m] [    9.489585] Reached target Remote File Systems (Pre).cloud-init
[749]: +----[SHA256]-----+
[[0;32m  OK  [0m] Reached target Remote File Systems.
[    9.512937] cloud-init[749]: Generating public/private ecdsa key pair.
[[0;32m  OK  [0m] Listening on LXD - unix socket.
[    9.544819] cloud-init[749]: Your identification has been saved in /etc/ssh/ssh_host_ecdsa_key.
[[0;32m  OK  [0m] Listening on Socket activation for snappy daemon.
[    9.546241] cloud-init[749]: Your public key has been saved in /etc/ssh/ssh_host_ecdsa_key.pub.
[   10.296379] cloud-init[749]: The key fingerprint is:
[[0;32m  OK  [0m] Started Availability of block devices.
[   10.297472] cloud-init[749]: SHA256:tYMnOtxxl1Qs4z/bbaUgTIXpAlsXURFbacnJNoc3Cqw root@ubuntu-bionic
[[0;32m  OK  [0m] Reached target Sockets.
[[   10.317004] [0;32m  OK  [0mcloud-init] [749]: Reached target Basic System.The key's randomart image is:

[   10.318577] cloud-init[749]: +---[ECDSA 256]---+
         Starting Login Service...
[   10.825319] cloud-init[749]: |          +*+*o= |
         Starting Permit User Sessions...
[   10.826809] cloud-init[749]: |      . . +o++%.o|
[   10.828512] cloud-init[749]: |       + ooo+=.+.|
[   10.840282]          cloud-initStarting LSB: automatic crash report generation...[749]: 
|      . .Eoo.o   |
[   10.852436] cloud-init[749]: |        S+= o.   |
[   10.852916] cloud-init[749]: |     . o =oo. o .|
[   10.853444] cloud-init[749]: |      + .  . . =o|
[   10.855275] cloud-init[749]: |       .      o +|         
Starting Pollinate to seed the pseudo random number generator...
[   10.856066] cloud-init[749]: |               . |
[[0;32m  OK  [0m] Started Deferred execution scheduler.
[   10.861490] cloud-init[749]: +----[SHA256]-----+
[   10.863657] cloud-init[749]: Generating public/private ed25519 key pair.
[   10.864516] cloud-init[749]: Your identification has been saved in /etc/ssh/ssh_host_ed25519_key.
[   10.865516] cloud-init[749]: Your public key has been saved in /etc/ssh/ssh_host_ed25519_key.pub.
[   10.866504] cloud-init[749]: The key fingerprint is:
[   10.866912] cloud-init[749]: SHA256:hzNdZfDP2eYad8A3sPs4VuqIwgg8q+iENUNOMBOAROU root@ubuntu-bionic
[   10.867642] cloud-init[749]: The key's randomart image is:
[   10.868307] cloud-init[749]: +--[ED25519 256]--+
[   10.868928] cloud-init[749]: |@+..        ..o  |
         Starting Dispatcher daemon for systemd-networkd...
[   10.888187] cloud-init[749]: |.+.          +   |
[   10.889356] cloud-init[749]: |  oE        ...  |
[   10.890018] cloud-init[749]: | +       o . .ooo|
[   10.890759] cloud-init[749]: |  *     S o  .oo*|
[   10.891516] cloud-init[749]: |.. *     +    .*.|
[   10.892226] cloud-init[749]: |..  + o      .+ +|
[   10.892678] cloud-init[749]: |o  . . o  . .+o+.|
[[0;32m  OK  [0m] Started irqbalance daemon.
[   10.894935] cloud-init[749]: |oo.     .. .ooo. |
[   10.895826] cloud-init[749]: +----[SHA256]-----+
[[0;32m  OK  [0m] Started FUSE filesystem for LXC.
[[0;32m  OK  [0m] Started Regular background program processing daemon.
         Starting Virtualbox guest utils...
[[0;32m  OK  [0m] Started D-Bus System Message Bus.
         Starting System Logging Service...
         Starting Accounts Service...
         Starting LSB: Record successful boot for GRUB...
         Starting Snap Daemon...
         Starting LXD - container startup/shutdown...
[[0;32m  OK  [0m] Started System Logging Service.
[[0;32m  OK  [0m] Started Permit User Sessions.
[[0;32m  OK  [0m] Started Login Service.
[[0;32m  OK  [0m] Started LXD - container startup/shutdown.
         Starting Authorization Manager...
[[0;32m  OK  [0m] Started Unattended Upgrades Shutdown.
         Starting Hold until boot process finishes up...
         Starting Terminate Plymouth Boot Screen...
[[0;32m  OK  [0m] Started Hold until boot process finishes up.
         Starting Set console scheme...
[[0;32m  OK  [0m] Started Serial Getty on ttyS0.
[[0;32m  OK  [0m] Started Terminate Plymouth Boot Screen.
[[0;32m  OK  [0m] Started Set console scheme.
[[0;32m  OK  [0m] Created slice system-getty.slice.
[[0;32m  OK  [0m] Started Getty on tty1.
[[0;32m  OK  [0m] Reached target Login Prompts.
[[0;32m  OK  [0m] Started LSB: automatic crash report generation.
[[0;32m  OK  [0m] Started Dispatcher daemon for systemd-networkd.
[[0;32m  OK  [0m] Started Authorization Manager.
[[0;32m  OK  [0m] Started Accounts Service.
[[0;32m  OK  [0m] Started LSB: Record successful boot for GRUB.
[[0;32m  OK  [0m] Started Virtualbox guest utils.
[[0;32m  OK  [0m] Started Snap Daemon.
         Starting Wait until snapd is fully seeded...
[[0;32m  OK  [0m] Started Wait until snapd is fully seeded.
         Starting Apply the settings specified in cloud-config...
[[0;32m  OK  [0m] Started Pollinate to seed the pseudo random number generator.
         Starting OpenBSD Secure Shell server...
[[0;32m  OK  [0m] Started OpenBSD Secure Shell server.
[[0;32m  OK  [0m] Reached target Multi-User System.
[[0;32m  OK  [0m] Reached target Graphical Interface.
         Starting Update UTMP about System Runlevel Changes...
[[0;32m  OK  [0m] Started Update UTMP about System Runlevel Changes.
[[0;32m  OK  [0m] Created slice User Slice of vagrant.
         Starting User Manager for UID 1000...
[[0;32m  OK  [0m] Started Session 1 of user vagrant.
[[0;32m  OK  [0m] Started User Manager for UID 1000.
[   13.024305] cloud-init[1338]: Cloud-init v. 20.3-2-g371b392c-0ubuntu1~18.04.1 running 'modules:config' at Wed, 30 Dec 2020 00:19:54 +0000. Up 12.58 seconds.
[[0;32m  OK  [0m] Started Apply the settings specified in cloud-config.
         Starting Execute cloud user/final scripts...
ci-info: no authorized SSH keys fingerprints found for user ubuntu.
<14>Dec 30 00:19:55 ec2: 
<14>Dec 30 00:19:55 ec2: #############################################################
<14>Dec 30 00:19:55 ec2: -----BEGIN SSH HOST KEY FINGERPRINTS-----
<14>Dec 30 00:19:55 ec2: 1024 SHA256:LAvZfY0c/20QOcukgf0fGxtjMJFvfvDVPYDRBFVXEgA root@ubuntu-bionic (DSA)
<14>Dec 30 00:19:55 ec2: 256 SHA256:tYMnOtxxl1Qs4z/bbaUgTIXpAlsXURFbacnJNoc3Cqw root@ubuntu-bionic (ECDSA)
<14>Dec 30 00:19:55 ec2: 256 SHA256:hzNdZfDP2eYad8A3sPs4VuqIwgg8q+iENUNOMBOAROU root@ubuntu-bionic (ED25519)
<14>Dec 30 00:19:55 ec2: 2048 SHA256:xk6LQ2m/LK5ilMta9+qFFXA5M+WPVof+zyQQZzMouHE root@ubuntu-bionic (RSA)
<14>Dec 30 00:19:55 ec2: -----END SSH HOST KEY FINGERPRINTS-----
<14>Dec 30 00:19:55 ec2: #############################################################
-----BEGIN SSH HOST KEY KEYS-----
ecdsa-sha2-nistp256 AAAAE2VjZHNhLXNoYTItbmlzdHAyNTYAAAAIbmlzdHAyNTYAAABBBK2aoqxZUrF9PeH647blh6mz1qQOkQTJy4SHKxf1eQRfzwVpjjHM0Rm/d6OWu1HPbvYsu5mPWF6gzFjmmVfVbeo= root@ubuntu-bionic
ssh-ed25519 AAAAC3NzaC1lZDI1NTE5AAAAIMw3nSjfdNX0IdUJwavsn0ojdlz3BdMINeC92wnBR2a1 root@ubuntu-bionic
ssh-rsa AAAAB3NzaC1yc2EAAAADAQABAAABAQC+H40VgIRlelLskKzZ+DK7kc7lYe3UtFOEIBdaBLIscWlVttVeFlINy2CN9ZJ9Ktlu19xi/j2GbqibgOxBi4mSs3PwimAY+rLZkOsVz++aRzXoRY/t1VIVxS+mOteevGHNB57oeDgiG8AWfcRadPgri+eD7x0u4Q0C0CUnLNpwT4yIxms93MErTeNuHDsksBz7X07pX1po3Zbj8ybSykyTVLntoj8uKf4X6eb9vWHQGh2dYurdyTh8NCFpH8aLb92Ose2M6WHBMebUphI8h7CCoe9BMWLt1req1Z8lJZYuKU4txF8E0BjnQghETHsR0Se8/vnwjJ0V5e1bt+hxFqnD root@ubuntu-bionic
-----END SSH HOST KEY KEYS-----
[   13.583907] cloud-init[1484]: Cloud-init v. 20.3-2-g371b392c-0ubuntu1~18.04.1 running 'modules:final' at Wed, 30 Dec 2020 00:19:55 +0000. Up 13.40 seconds.
[   13.596181] cloud-init[1484]: ci-info: no authorized SSH keys fingerprints found for user ubuntu.
[   13.608516] cloud-init[1484]: Cloud-init v. 20.3-2-g371b392c-0ubuntu1~18.04.1 finished at Wed, 30 Dec 2020 00:19:55 +0000. Datasource DataSourceNoCloud [seed=/dev/sdb][dsmode=net].  Up 13.57 seconds
[[0;32m  OK  [0m] Started Execute cloud user/final scripts.
[[0;32m  OK  [0m] Reached target Cloud-init target.

Ubuntu 18.04.5 LTS ubuntu-bionic ttyS0

ubuntu-bionic login: 